<?xml version="1.0"?>
<!DOCTYPE coverage SYSTEM "http://cobertura.sourceforge.net/xml/coverage-04.dtd">

<coverage line-rate="0.8661654135338346" branch-rate="0.7142857142857143" lines-covered="576" lines-valid="665" branches-covered="200" branches-valid="280" complexity="2.096774193548387" version="2.1.1" timestamp="1434346108272">
	<sources>
		<source>/home/eduardo/git/spring/target/checkout/target/generated-sources/annotations</source>
		<source>--source</source>
		<source>/home/eduardo/git/spring/target/checkout/src/main/java</source>
	</sources>
	<packages>
		<package name="org.mybatis.spring" line-rate="0.8544891640866873" branch-rate="0.6973684210526315" complexity="2.2125">
			<classes>
				<class name="org.mybatis.spring.MyBatisExceptionTranslator" filename="org/mybatis/spring/MyBatisExceptionTranslator.java" line-rate="0.875" branch-rate="0.7" complexity="3.3333333333333335">
					<methods>
						<method name="&lt;init&gt;" signature="(Ljavax/sql/DataSource;Z)V" line-rate="0.8" branch-rate="0.5" complexity="0">
							<lines>
								<line number="53" hits="173" branch="false"/>
								<line number="54" hits="173" branch="false"/>
								<line number="56" hits="173" branch="true" condition-coverage="50% (1/2)">
									<conditions>
										<condition number="0" type="jump" coverage="50%"/>
									</conditions>
								</line>
								<line number="57" hits="0" branch="false"/>
								<line number="59" hits="173" branch="false"/>
							</lines>
						</method>
						<method name="initExceptionTranslator" signature="()V" line-rate="1.0" branch-rate="0.5" complexity="0">
							<lines>
								<line number="85" hits="3" branch="true" condition-coverage="50% (1/2)">
									<conditions>
										<condition number="0" type="jump" coverage="50%"/>
									</conditions>
								</line>
								<line number="86" hits="3" branch="false"/>
								<line number="88" hits="3" branch="false"/>
							</lines>
						</method>
						<method name="translateExceptionIfPossible" signature="(Ljava/lang/RuntimeException;)Lorg/springframework/dao/DataAccessException;" line-rate="0.875" branch-rate="0.8333333333333334" complexity="0">
							<lines>
								<line number="66" hits="5" branch="true" condition-coverage="50% (1/2)">
									<conditions>
										<condition number="0" type="jump" coverage="50%"/>
									</conditions>
								</line>
								<line number="69" hits="5" branch="true" condition-coverage="100% (2/2)">
									<conditions>
										<condition number="0" type="jump" coverage="100%"/>
									</conditions>
								</line>
								<line number="70" hits="1" branch="false"/>
								<line number="72" hits="5" branch="true" condition-coverage="100% (2/2)">
									<conditions>
										<condition number="0" type="jump" coverage="100%"/>
									</conditions>
								</line>
								<line number="73" hits="3" branch="false"/>
								<line number="74" hits="3" branch="false"/>
								<line number="76" hits="2" branch="false"/>
								<line number="78" hits="0" branch="false"/>
							</lines>
						</method>
					</methods>
					<lines>
						<line number="53" hits="173" branch="false"/>
						<line number="54" hits="173" branch="false"/>
						<line number="56" hits="173" branch="true" condition-coverage="50% (1/2)">
							<conditions>
								<condition number="0" type="jump" coverage="50%"/>
							</conditions>
						</line>
						<line number="57" hits="0" branch="false"/>
						<line number="59" hits="173" branch="false"/>
						<line number="66" hits="5" branch="true" condition-coverage="50% (1/2)">
							<conditions>
								<condition number="0" type="jump" coverage="50%"/>
							</conditions>
						</line>
						<line number="69" hits="5" branch="true" condition-coverage="100% (2/2)">
							<conditions>
								<condition number="0" type="jump" coverage="100%"/>
							</conditions>
						</line>
						<line number="70" hits="1" branch="false"/>
						<line number="72" hits="5" branch="true" condition-coverage="100% (2/2)">
							<conditions>
								<condition number="0" type="jump" coverage="100%"/>
							</conditions>
						</line>
						<line number="73" hits="3" branch="false"/>
						<line number="74" hits="3" branch="false"/>
						<line number="76" hits="2" branch="false"/>
						<line number="78" hits="0" branch="false"/>
						<line number="85" hits="3" branch="true" condition-coverage="50% (1/2)">
							<conditions>
								<condition number="0" type="jump" coverage="50%"/>
							</conditions>
						</line>
						<line number="86" hits="3" branch="false"/>
						<line number="88" hits="3" branch="false"/>
					</lines>
				</class>
				<class name="org.mybatis.spring.MyBatisSystemException" filename="org/mybatis/spring/MyBatisSystemException.java" line-rate="1.0" branch-rate="1.0" complexity="1.0">
					<methods>
						<method name="&lt;init&gt;" signature="(Ljava/lang/Throwable;)V" line-rate="1.0" branch-rate="1.0" complexity="0">
							<lines>
								<line number="37" hits="2" branch="false"/>
								<line number="38" hits="2" branch="false"/>
							</lines>
						</method>
					</methods>
					<lines>
						<line number="37" hits="2" branch="false"/>
						<line number="38" hits="2" branch="false"/>
					</lines>
				</class>
				<class name="org.mybatis.spring.SqlSessionFactoryBean" filename="org/mybatis/spring/SqlSessionFactoryBean.java" line-rate="0.8780487804878049" branch-rate="0.7941176470588235" complexity="2.6666666666666665">
					<methods>
						<method name="&lt;clinit&gt;" signature="()V" line-rate="1.0" branch-rate="1.0" complexity="0">
							<lines>
								<line number="74" hits="1" branch="false"/>
							</lines>
						</method>
						<method name="&lt;init&gt;" signature="()V" line-rate="1.0" branch-rate="1.0" complexity="0">
							<lines>
								<line number="86" hits="69" branch="false"/>
								<line number="91" hits="69" branch="false"/>
							</lines>
						</method>
						<method name="afterPropertiesSet" signature="()V" line-rate="1.0" branch-rate="1.0" complexity="0">
							<lines>
								<line number="340" hits="69" branch="false"/>
								<line number="341" hits="67" branch="false"/>
								<line number="343" hits="66" branch="false"/>
								<line number="344" hits="66" branch="false"/>
							</lines>
						</method>
						<method name="buildSqlSessionFactory" signature="()Lorg/apache/ibatis/session/SqlSessionFactory;" line-rate="0.8857142857142857" branch-rate="0.8275862068965517" complexity="0">
							<lines>
								<line number="359" hits="66" branch="false"/>
								<line number="360" hits="66" branch="true" condition-coverage="100% (2/2)">
									<conditions>
										<condition number="0" type="jump" coverage="100%"/>
									</conditions>
								</line>
								<line number="361" hits="2" branch="false"/>
								<line number="362" hits="2" branch="false"/>
								<line number="364" hits="64" branch="true" condition-coverage="50% (1/2)">
									<conditions>
										<condition number="0" type="jump" coverage="50%"/>
									</conditions>
								</line>
								<line number="365" hits="64" branch="false"/>
								<line number="367" hits="64" branch="false"/>
								<line number="368" hits="64" branch="false"/>
								<line number="371" hits="66" branch="true" condition-coverage="100% (2/2)">
									<conditions>
										<condition number="0" type="jump" coverage="100%"/>
									</conditions>
								</line>
								<line number="372" hits="1" branch="false"/>
								<line number="375" hits="66" branch="true" condition-coverage="100% (2/2)">
									<conditions>
										<condition number="0" type="jump" coverage="100%"/>
									</conditions>
								</line>
								<line number="376" hits="1" branch="false"/>
								<line number="379" hits="66" branch="true" condition-coverage="100% (2/2)">
									<conditions>
										<condition number="0" type="jump" coverage="100%"/>
									</conditions>
								</line>
								<line number="380" hits="4" branch="false"/>
								<line number="382" hits="8" branch="true" condition-coverage="100% (2/2)">
									<conditions>
										<condition number="0" type="jump" coverage="100%"/>
									</conditions>
								</line>
								<line number="383" hits="4" branch="true" condition-coverage="100% (2/2)">
									<conditions>
										<condition number="0" type="jump" coverage="100%"/>
									</conditions>
								</line>
								<line number="385" hits="4" branch="true" condition-coverage="50% (1/2)">
									<conditions>
										<condition number="0" type="jump" coverage="50%"/>
									</conditions>
								</line>
								<line number="386" hits="4" branch="false"/>
								<line number="391" hits="66" branch="true" condition-coverage="100% (2/2)">
									<conditions>
										<condition number="0" type="jump" coverage="100%"/>
									</conditions>
								</line>
								<line number="392" hits="2" branch="true" condition-coverage="100% (2/2)">
									<conditions>
										<condition number="0" type="jump" coverage="100%"/>
									</conditions>
								</line>
								<line number="393" hits="1" branch="false"/>
								<line number="394" hits="1" branch="true" condition-coverage="50% (1/2)">
									<conditions>
										<condition number="0" type="jump" coverage="50%"/>
									</conditions>
								</line>
								<line number="395" hits="1" branch="false"/>
								<line number="400" hits="66" branch="true" condition-coverage="100% (2/2)">
									<conditions>
										<condition number="0" type="jump" coverage="100%"/>
									</conditions>
								</line>
								<line number="401" hits="14" branch="true" condition-coverage="100% (2/2)">
									<conditions>
										<condition number="0" type="jump" coverage="100%"/>
									</conditions>
								</line>
								<line number="402" hits="7" branch="false"/>
								<line number="403" hits="7" branch="true" condition-coverage="50% (1/2)">
									<conditions>
										<condition number="0" type="jump" coverage="50%"/>
									</conditions>
								</line>
								<line number="404" hits="7" branch="false"/>
								<line number="409" hits="66" branch="true" condition-coverage="100% (2/2)">
									<conditions>
										<condition number="0" type="jump" coverage="100%"/>
									</conditions>
								</line>
								<line number="410" hits="1" branch="false"/>
								<line number="412" hits="2" branch="true" condition-coverage="100% (2/2)">
									<conditions>
										<condition number="0" type="jump" coverage="100%"/>
									</conditions>
								</line>
								<line number="413" hits="1" branch="false"/>
								<line number="414" hits="1" branch="true" condition-coverage="50% (1/2)">
									<conditions>
										<condition number="0" type="jump" coverage="50%"/>
									</conditions>
								</line>
								<line number="415" hits="1" branch="false"/>
								<line number="420" hits="66" branch="true" condition-coverage="100% (2/2)">
									<conditions>
										<condition number="0" type="jump" coverage="100%"/>
									</conditions>
								</line>
								<line number="421" hits="2" branch="true" condition-coverage="100% (2/2)">
									<conditions>
										<condition number="0" type="jump" coverage="100%"/>
									</conditions>
								</line>
								<line number="422" hits="1" branch="false"/>
								<line number="423" hits="1" branch="true" condition-coverage="50% (1/2)">
									<conditions>
										<condition number="0" type="jump" coverage="50%"/>
									</conditions>
								</line>
								<line number="424" hits="1" branch="false"/>
								<line number="429" hits="66" branch="true" condition-coverage="100% (2/2)">
									<conditions>
										<condition number="0" type="jump" coverage="100%"/>
									</conditions>
								</line>
								<line number="431" hits="2" branch="false"/>
								<line number="433" hits="2" branch="true" condition-coverage="50% (1/2)">
									<conditions>
										<condition number="0" type="jump" coverage="50%"/>
									</conditions>
								</line>
								<line number="434" hits="2" branch="false"/>
								<line number="436" hits="0" branch="false"/>
								<line number="437" hits="0" branch="false"/>
								<line number="439" hits="2" branch="false"/>
								<line number="440" hits="2" branch="false"/>
								<line number="443" hits="66" branch="true" condition-coverage="100% (2/2)">
									<conditions>
										<condition number="0" type="jump" coverage="100%"/>
									</conditions>
								</line>
								<line number="444" hits="65" branch="false"/>
								<line number="447" hits="66" branch="false"/>
								<line number="449" hits="66" branch="true" condition-coverage="50% (1/2)">
									<conditions>
										<condition number="0" type="jump" coverage="50%"/>
									</conditions>
								</line>
								<line number="451" hits="0" branch="false"/>
								<line number="452" hits="0" branch="false"/>
								<line number="453" hits="0" branch="false"/>
								<line number="454" hits="0" branch="false"/>
								<line number="457" hits="66" branch="true" condition-coverage="100% (2/2)">
									<conditions>
										<condition number="0" type="jump" coverage="100%"/>
									</conditions>
								</line>
								<line number="458" hits="32" branch="true" condition-coverage="100% (2/2)">
									<conditions>
										<condition number="0" type="jump" coverage="100%"/>
									</conditions>
								</line>
								<line number="459" hits="16" branch="true" condition-coverage="100% (2/2)">
									<conditions>
										<condition number="0" type="jump" coverage="100%"/>
									</conditions>
								</line>
								<line number="460" hits="1" branch="false"/>
								<line number="464" hits="15" branch="false"/>
								<line number="466" hits="15" branch="false"/>
								<line number="467" hits="0" branch="false"/>
								<line number="468" hits="0" branch="false"/>
								<line number="470" hits="15" branch="false"/>
								<line number="471" hits="15" branch="false"/>
								<line number="473" hits="15" branch="true" condition-coverage="50% (1/2)">
									<conditions>
										<condition number="0" type="jump" coverage="50%"/>
									</conditions>
								</line>
								<line number="474" hits="15" branch="false"/>
								<line number="478" hits="50" branch="true" condition-coverage="50% (1/2)">
									<conditions>
										<condition number="0" type="jump" coverage="50%"/>
									</conditions>
								</line>
								<line number="479" hits="50" branch="false"/>
								<line number="483" hits="66" branch="false"/>
							</lines>
						</method>
						<method name="getDatabaseIdProvider" signature="()Lorg/apache/ibatis/mapping/DatabaseIdProvider;" line-rate="0.0" branch-rate="1.0" complexity="0">
							<lines>
								<line number="141" hits="0" branch="false"/>
							</lines>
						</method>
						<method name="getObject" signature="()Ljava/lang/Object;" line-rate="1.0" branch-rate="1.0" complexity="0">
							<lines>
								<line number="72" hits="109" branch="false"/>
							</lines>
						</method>
						<method name="getObject" signature="()Lorg/apache/ibatis/session/SqlSessionFactory;" line-rate="1.0" branch-rate="1.0" complexity="0">
							<lines>
								<line number="491" hits="69" branch="true" condition-coverage="100% (2/2)">
									<conditions>
										<condition number="0" type="jump" coverage="100%"/>
									</conditions>
								</line>
								<line number="492" hits="29" branch="false"/>
								<line number="495" hits="66" branch="false"/>
							</lines>
						</method>
						<method name="getObjectType" signature="()Ljava/lang/Class;" line-rate="1.0" branch-rate="1.0" complexity="0">
							<lines>
								<line number="503" hits="206" branch="true" condition-coverage="100% (2/2)">
									<conditions>
										<condition number="0" type="jump" coverage="100%"/>
									</conditions>
								</line>
							</lines>
						</method>
						<method name="isSingleton" signature="()Z" line-rate="1.0" branch-rate="1.0" complexity="0">
							<lines>
								<line number="511" hits="133" branch="false"/>
							</lines>
						</method>
						<method name="onApplicationEvent" signature="(Lorg/springframework/context/ApplicationEvent;)V" line-rate="0.6666666666666666" branch-rate="0.25" complexity="0">
							<lines>
								<line number="519" hits="121" branch="true" condition-coverage="25% (1/4)">
									<conditions>
										<condition number="0" type="jump" coverage="50%"/>
										<condition number="1" type="jump" coverage="0%"/>
									</conditions>
								</line>
								<line number="521" hits="0" branch="false"/>
								<line number="523" hits="121" branch="false"/>
							</lines>
						</method>
						<method name="setConfigLocation" signature="(Lorg/springframework/core/io/Resource;)V" line-rate="1.0" branch-rate="1.0" complexity="0">
							<lines>
								<line number="244" hits="3" branch="false"/>
								<line number="245" hits="3" branch="false"/>
							</lines>
						</method>
						<method name="setConfigurationProperties" signature="(Ljava/util/Properties;)V" line-rate="0.0" branch-rate="1.0" complexity="0">
							<lines>
								<line number="265" hits="0" branch="false"/>
								<line number="266" hits="0" branch="false"/>
							</lines>
						</method>
						<method name="setDataSource" signature="(Ljavax/sql/DataSource;)V" line-rate="0.75" branch-rate="0.5" complexity="0">
							<lines>
								<line number="284" hits="68" branch="true" condition-coverage="50% (1/2)">
									<conditions>
										<condition number="0" type="jump" coverage="50%"/>
									</conditions>
								</line>
								<line number="289" hits="0" branch="false"/>
								<line number="291" hits="68" branch="false"/>
								<line number="293" hits="68" branch="false"/>
							</lines>
						</method>
						<method name="setDatabaseIdProvider" signature="(Lorg/apache/ibatis/mapping/DatabaseIdProvider;)V" line-rate="1.0" branch-rate="1.0" complexity="0">
							<lines>
								<line number="152" hits="3" branch="false"/>
								<line number="153" hits="3" branch="false"/>
							</lines>
						</method>
						<method name="setEnvironment" signature="(Ljava/lang/String;)V" line-rate="1.0" branch-rate="1.0" complexity="0">
							<lines>
								<line number="332" hits="1" branch="false"/>
								<line number="333" hits="1" branch="false"/>
							</lines>
						</method>
						<method name="setFailFast" signature="(Z)V" line-rate="0.0" branch-rate="1.0" complexity="0">
							<lines>
								<line number="236" hits="0" branch="false"/>
								<line number="237" hits="0" branch="false"/>
							</lines>
						</method>
						<method name="setMapperLocations" signature="([Lorg/springframework/core/io/Resource;)V" line-rate="1.0" branch-rate="1.0" complexity="0">
							<lines>
								<line number="256" hits="18" branch="false"/>
								<line number="257" hits="18" branch="false"/>
							</lines>
						</method>
						<method name="setObjectFactory" signature="(Lorg/apache/ibatis/reflection/factory/ObjectFactory;)V" line-rate="1.0" branch-rate="1.0" complexity="0">
							<lines>
								<line number="121" hits="1" branch="false"/>
								<line number="122" hits="1" branch="false"/>
							</lines>
						</method>
						<method name="setObjectWrapperFactory" signature="(Lorg/apache/ibatis/reflection/wrapper/ObjectWrapperFactory;)V" line-rate="1.0" branch-rate="1.0" complexity="0">
							<lines>
								<line number="131" hits="1" branch="false"/>
								<line number="132" hits="1" branch="false"/>
							</lines>
						</method>
						<method name="setPlugins" signature="([Lorg/apache/ibatis/plugin/Interceptor;)V" line-rate="1.0" branch-rate="1.0" complexity="0">
							<lines>
								<line number="164" hits="7" branch="false"/>
								<line number="165" hits="7" branch="false"/>
							</lines>
						</method>
						<method name="setSqlSessionFactoryBuilder" signature="(Lorg/apache/ibatis/session/SqlSessionFactoryBuilder;)V" line-rate="1.0" branch-rate="1.0" complexity="0">
							<lines>
								<line number="303" hits="1" branch="false"/>
								<line number="304" hits="1" branch="false"/>
							</lines>
						</method>
						<method name="setTransactionFactory" signature="(Lorg/apache/ibatis/transaction/TransactionFactory;)V" line-rate="1.0" branch-rate="1.0" complexity="0">
							<lines>
								<line number="321" hits="2" branch="false"/>
								<line number="322" hits="2" branch="false"/>
							</lines>
						</method>
						<method name="setTypeAliases" signature="([Ljava/lang/Class;)V" line-rate="1.0" branch-rate="1.0" complexity="0">
							<lines>
								<line number="223" hits="1" branch="false"/>
								<line number="224" hits="1" branch="false"/>
							</lines>
						</method>
						<method name="setTypeAliasesPackage" signature="(Ljava/lang/String;)V" line-rate="1.0" branch-rate="1.0" complexity="0">
							<lines>
								<line number="176" hits="4" branch="false"/>
								<line number="177" hits="4" branch="false"/>
							</lines>
						</method>
						<method name="setTypeAliasesSuperType" signature="(Ljava/lang/Class;)V" line-rate="1.0" branch-rate="1.0" complexity="0">
							<lines>
								<line number="189" hits="1" branch="false"/>
								<line number="190" hits="1" branch="false"/>
							</lines>
						</method>
						<method name="setTypeHandlers" signature="([Lorg/apache/ibatis/type/TypeHandler;)V" line-rate="1.0" branch-rate="1.0" complexity="0">
							<lines>
								<line number="212" hits="1" branch="false"/>
								<line number="213" hits="1" branch="false"/>
							</lines>
						</method>
						<method name="setTypeHandlersPackage" signature="(Ljava/lang/String;)V" line-rate="1.0" branch-rate="1.0" complexity="0">
							<lines>
								<line number="201" hits="1" branch="false"/>
								<line number="202" hits="1" branch="false"/>
							</lines>
						</method>
					</methods>
					<lines>
						<line number="72" hits="109" branch="false"/>
						<line number="74" hits="1" branch="false"/>
						<line number="86" hits="69" branch="false"/>
						<line number="91" hits="69" branch="false"/>
						<line number="121" hits="1" branch="false"/>
						<line number="122" hits="1" branch="false"/>
						<line number="131" hits="1" branch="false"/>
						<line number="132" hits="1" branch="false"/>
						<line number="141" hits="0" branch="false"/>
						<line number="152" hits="3" branch="false"/>
						<line number="153" hits="3" branch="false"/>
						<line number="164" hits="7" branch="false"/>
						<line number="165" hits="7" branch="false"/>
						<line number="176" hits="4" branch="false"/>
						<line number="177" hits="4" branch="false"/>
						<line number="189" hits="1" branch="false"/>
						<line number="190" hits="1" branch="false"/>
						<line number="201" hits="1" branch="false"/>
						<line number="202" hits="1" branch="false"/>
						<line number="212" hits="1" branch="false"/>
						<line number="213" hits="1" branch="false"/>
						<line number="223" hits="1" branch="false"/>
						<line number="224" hits="1" branch="false"/>
						<line number="236" hits="0" branch="false"/>
						<line number="237" hits="0" branch="false"/>
						<line number="244" hits="3" branch="false"/>
						<line number="245" hits="3" branch="false"/>
						<line number="256" hits="18" branch="false"/>
						<line number="257" hits="18" branch="false"/>
						<line number="265" hits="0" branch="false"/>
						<line number="266" hits="0" branch="false"/>
						<line number="284" hits="68" branch="true" condition-coverage="50% (1/2)">
							<conditions>
								<condition number="0" type="jump" coverage="50%"/>
							</conditions>
						</line>
						<line number="289" hits="0" branch="false"/>
						<line number="291" hits="68" branch="false"/>
						<line number="293" hits="68" branch="false"/>
						<line number="303" hits="1" branch="false"/>
						<line number="304" hits="1" branch="false"/>
						<line number="321" hits="2" branch="false"/>
						<line number="322" hits="2" branch="false"/>
						<line number="332" hits="1" branch="false"/>
						<line number="333" hits="1" branch="false"/>
						<line number="340" hits="69" branch="false"/>
						<line number="341" hits="67" branch="false"/>
						<line number="343" hits="66" branch="false"/>
						<line number="344" hits="66" branch="false"/>
						<line number="359" hits="66" branch="false"/>
						<line number="360" hits="66" branch="true" condition-coverage="100% (2/2)">
							<conditions>
								<condition number="0" type="jump" coverage="100%"/>
							</conditions>
						</line>
						<line number="361" hits="2" branch="false"/>
						<line number="362" hits="2" branch="false"/>
						<line number="364" hits="64" branch="true" condition-coverage="50% (1/2)">
							<conditions>
								<condition number="0" type="jump" coverage="50%"/>
							</conditions>
						</line>
						<line number="365" hits="64" branch="false"/>
						<line number="367" hits="64" branch="false"/>
						<line number="368" hits="64" branch="false"/>
						<line number="371" hits="66" branch="true" condition-coverage="100% (2/2)">
							<conditions>
								<condition number="0" type="jump" coverage="100%"/>
							</conditions>
						</line>
						<line number="372" hits="1" branch="false"/>
						<line number="375" hits="66" branch="true" condition-coverage="100% (2/2)">
							<conditions>
								<condition number="0" type="jump" coverage="100%"/>
							</conditions>
						</line>
						<line number="376" hits="1" branch="false"/>
						<line number="379" hits="66" branch="true" condition-coverage="100% (2/2)">
							<conditions>
								<condition number="0" type="jump" coverage="100%"/>
							</conditions>
						</line>
						<line number="380" hits="4" branch="false"/>
						<line number="382" hits="8" branch="true" condition-coverage="100% (2/2)">
							<conditions>
								<condition number="0" type="jump" coverage="100%"/>
							</conditions>
						</line>
						<line number="383" hits="4" branch="true" condition-coverage="100% (2/2)">
							<conditions>
								<condition number="0" type="jump" coverage="100%"/>
							</conditions>
						</line>
						<line number="385" hits="4" branch="true" condition-coverage="50% (1/2)">
							<conditions>
								<condition number="0" type="jump" coverage="50%"/>
							</conditions>
						</line>
						<line number="386" hits="4" branch="false"/>
						<line number="391" hits="66" branch="true" condition-coverage="100% (2/2)">
							<conditions>
								<condition number="0" type="jump" coverage="100%"/>
							</conditions>
						</line>
						<line number="392" hits="2" branch="true" condition-coverage="100% (2/2)">
							<conditions>
								<condition number="0" type="jump" coverage="100%"/>
							</conditions>
						</line>
						<line number="393" hits="1" branch="false"/>
						<line number="394" hits="1" branch="true" condition-coverage="50% (1/2)">
							<conditions>
								<condition number="0" type="jump" coverage="50%"/>
							</conditions>
						</line>
						<line number="395" hits="1" branch="false"/>
						<line number="400" hits="66" branch="true" condition-coverage="100% (2/2)">
							<conditions>
								<condition number="0" type="jump" coverage="100%"/>
							</conditions>
						</line>
						<line number="401" hits="14" branch="true" condition-coverage="100% (2/2)">
							<conditions>
								<condition number="0" type="jump" coverage="100%"/>
							</conditions>
						</line>
						<line number="402" hits="7" branch="false"/>
						<line number="403" hits="7" branch="true" condition-coverage="50% (1/2)">
							<conditions>
								<condition number="0" type="jump" coverage="50%"/>
							</conditions>
						</line>
						<line number="404" hits="7" branch="false"/>
						<line number="409" hits="66" branch="true" condition-coverage="100% (2/2)">
							<conditions>
								<condition number="0" type="jump" coverage="100%"/>
							</conditions>
						</line>
						<line number="410" hits="1" branch="false"/>
						<line number="412" hits="2" branch="true" condition-coverage="100% (2/2)">
							<conditions>
								<condition number="0" type="jump" coverage="100%"/>
							</conditions>
						</line>
						<line number="413" hits="1" branch="false"/>
						<line number="414" hits="1" branch="true" condition-coverage="50% (1/2)">
							<conditions>
								<condition number="0" type="jump" coverage="50%"/>
							</conditions>
						</line>
						<line number="415" hits="1" branch="false"/>
						<line number="420" hits="66" branch="true" condition-coverage="100% (2/2)">
							<conditions>
								<condition number="0" type="jump" coverage="100%"/>
							</conditions>
						</line>
						<line number="421" hits="2" branch="true" condition-coverage="100% (2/2)">
							<conditions>
								<condition number="0" type="jump" coverage="100%"/>
							</conditions>
						</line>
						<line number="422" hits="1" branch="false"/>
						<line number="423" hits="1" branch="true" condition-coverage="50% (1/2)">
							<conditions>
								<condition number="0" type="jump" coverage="50%"/>
							</conditions>
						</line>
						<line number="424" hits="1" branch="false"/>
						<line number="429" hits="66" branch="true" condition-coverage="100% (2/2)">
							<conditions>
								<condition number="0" type="jump" coverage="100%"/>
							</conditions>
						</line>
						<line number="431" hits="2" branch="false"/>
						<line number="433" hits="2" branch="true" condition-coverage="50% (1/2)">
							<conditions>
								<condition number="0" type="jump" coverage="50%"/>
							</conditions>
						</line>
						<line number="434" hits="2" branch="false"/>
						<line number="436" hits="0" branch="false"/>
						<line number="437" hits="0" branch="false"/>
						<line number="439" hits="2" branch="false"/>
						<line number="440" hits="2" branch="false"/>
						<line number="443" hits="66" branch="true" condition-coverage="100% (2/2)">
							<conditions>
								<condition number="0" type="jump" coverage="100%"/>
							</conditions>
						</line>
						<line number="444" hits="65" branch="false"/>
						<line number="447" hits="66" branch="false"/>
						<line number="449" hits="66" branch="true" condition-coverage="50% (1/2)">
							<conditions>
								<condition number="0" type="jump" coverage="50%"/>
							</conditions>
						</line>
						<line number="451" hits="0" branch="false"/>
						<line number="452" hits="0" branch="false"/>
						<line number="453" hits="0" branch="false"/>
						<line number="454" hits="0" branch="false"/>
						<line number="457" hits="66" branch="true" condition-coverage="100% (2/2)">
							<conditions>
								<condition number="0" type="jump" coverage="100%"/>
							</conditions>
						</line>
						<line number="458" hits="32" branch="true" condition-coverage="100% (2/2)">
							<conditions>
								<condition number="0" type="jump" coverage="100%"/>
							</conditions>
						</line>
						<line number="459" hits="16" branch="true" condition-coverage="100% (2/2)">
							<conditions>
								<condition number="0" type="jump" coverage="100%"/>
							</conditions>
						</line>
						<line number="460" hits="1" branch="false"/>
						<line number="464" hits="15" branch="false"/>
						<line number="466" hits="15" branch="false"/>
						<line number="467" hits="0" branch="false"/>
						<line number="468" hits="0" branch="false"/>
						<line number="470" hits="15" branch="false"/>
						<line number="471" hits="15" branch="false"/>
						<line number="473" hits="15" branch="true" condition-coverage="50% (1/2)">
							<conditions>
								<condition number="0" type="jump" coverage="50%"/>
							</conditions>
						</line>
						<line number="474" hits="15" branch="false"/>
						<line number="478" hits="50" branch="true" condition-coverage="50% (1/2)">
							<conditions>
								<condition number="0" type="jump" coverage="50%"/>
							</conditions>
						</line>
						<line number="479" hits="50" branch="false"/>
						<line number="483" hits="66" branch="false"/>
						<line number="491" hits="69" branch="true" condition-coverage="100% (2/2)">
							<conditions>
								<condition number="0" type="jump" coverage="100%"/>
							</conditions>
						</line>
						<line number="492" hits="29" branch="false"/>
						<line number="495" hits="66" branch="false"/>
						<line number="503" hits="206" branch="true" condition-coverage="100% (2/2)">
							<conditions>
								<condition number="0" type="jump" coverage="100%"/>
							</conditions>
						</line>
						<line number="511" hits="133" branch="false"/>
						<line number="519" hits="121" branch="true" condition-coverage="25% (1/4)">
							<conditions>
								<condition number="0" type="jump" coverage="50%"/>
								<condition number="1" type="jump" coverage="0%"/>
							</conditions>
						</line>
						<line number="521" hits="0" branch="false"/>
						<line number="523" hits="121" branch="false"/>
					</lines>
				</class>
				<class name="org.mybatis.spring.SqlSessionHolder" filename="org/mybatis/spring/SqlSessionHolder.java" line-rate="1.0" branch-rate="1.0" complexity="1.0">
					<methods>
						<method name="&lt;init&gt;" signature="(Lorg/apache/ibatis/session/SqlSession;Lorg/apache/ibatis/session/ExecutorType;Lorg/springframework/dao/support/PersistenceExceptionTranslator;)V" line-rate="1.0" branch-rate="1.0" complexity="0">
							<lines>
								<line number="52" hits="34" branch="false"/>
								<line number="54" hits="34" branch="false"/>
								<line number="55" hits="34" branch="false"/>
								<line number="57" hits="34" branch="false"/>
								<line number="58" hits="34" branch="false"/>
								<line number="59" hits="34" branch="false"/>
								<line number="60" hits="34" branch="false"/>
							</lines>
						</method>
						<method name="getExecutorType" signature="()Lorg/apache/ibatis/session/ExecutorType;" line-rate="1.0" branch-rate="1.0" complexity="0">
							<lines>
								<line number="67" hits="9" branch="false"/>
							</lines>
						</method>
						<method name="getPersistenceExceptionTranslator" signature="()Lorg/springframework/dao/support/PersistenceExceptionTranslator;" line-rate="1.0" branch-rate="1.0" complexity="0">
							<lines>
								<line number="71" hits="2" branch="false"/>
							</lines>
						</method>
						<method name="getSqlSession" signature="()Lorg/apache/ibatis/session/SqlSession;" line-rate="1.0" branch-rate="1.0" complexity="0">
							<lines>
								<line number="63" hits="230" branch="false"/>
							</lines>
						</method>
					</methods>
					<lines>
						<line number="52" hits="34" branch="false"/>
						<line number="54" hits="34" branch="false"/>
						<line number="55" hits="34" branch="false"/>
						<line number="57" hits="34" branch="false"/>
						<line number="58" hits="34" branch="false"/>
						<line number="59" hits="34" branch="false"/>
						<line number="60" hits="34" branch="false"/>
						<line number="63" hits="230" branch="false"/>
						<line number="67" hits="9" branch="false"/>
						<line number="71" hits="2" branch="false"/>
					</lines>
				</class>
				<class name="org.mybatis.spring.SqlSessionTemplate" filename="org/mybatis/spring/SqlSessionTemplate.java" line-rate="0.574468085106383" branch-rate="1.0" complexity="1.3823529411764706">
					<methods>
						<method name="&lt;init&gt;" signature="(Lorg/apache/ibatis/session/SqlSessionFactory;)V" line-rate="1.0" branch-rate="1.0" complexity="0">
							<lines>
								<line number="93" hits="161" branch="false"/>
								<line number="94" hits="161" branch="false"/>
							</lines>
						</method>
						<method name="&lt;init&gt;" signature="(Lorg/apache/ibatis/session/SqlSessionFactory;Lorg/apache/ibatis/session/ExecutorType;)V" line-rate="1.0" branch-rate="1.0" complexity="0">
							<lines>
								<line number="106" hits="167" branch="false"/>
								<line number="109" hits="167" branch="false"/>
							</lines>
						</method>
						<method name="&lt;init&gt;" signature="(Lorg/apache/ibatis/session/SqlSessionFactory;Lorg/apache/ibatis/session/ExecutorType;Lorg/springframework/dao/support/PersistenceExceptionTranslator;)V" line-rate="1.0" branch-rate="1.0" complexity="0">
							<lines>
								<line number="126" hits="168" branch="false"/>
								<line number="128" hits="168" branch="false"/>
								<line number="129" hits="168" branch="false"/>
								<line number="131" hits="168" branch="false"/>
								<line number="132" hits="168" branch="false"/>
								<line number="133" hits="168" branch="false"/>
								<line number="134" hits="168" branch="false"/>
								<line number="138" hits="168" branch="false"/>
							</lines>
						</method>
						<method name="access$100" signature="(Lorg/mybatis/spring/SqlSessionTemplate;)Lorg/apache/ibatis/session/SqlSessionFactory;" line-rate="1.0" branch-rate="1.0" complexity="0">
							<lines>
							</lines>
						</method>
						<method name="access$200" signature="(Lorg/mybatis/spring/SqlSessionTemplate;)Lorg/apache/ibatis/session/ExecutorType;" line-rate="1.0" branch-rate="1.0" complexity="0">
							<lines>
							</lines>
						</method>
						<method name="access$300" signature="(Lorg/mybatis/spring/SqlSessionTemplate;)Lorg/springframework/dao/support/PersistenceExceptionTranslator;" line-rate="1.0" branch-rate="1.0" complexity="0">
							<lines>
								<line number="76" hits="262" branch="false"/>
							</lines>
						</method>
						<method name="clearCache" signature="()V" line-rate="0.0" branch-rate="1.0" complexity="0">
							<lines>
								<line number="341" hits="0" branch="false"/>
								<line number="342" hits="0" branch="false"/>
							</lines>
						</method>
						<method name="close" signature="()V" line-rate="1.0" branch-rate="1.0" complexity="0">
							<lines>
								<line number="333" hits="6" branch="false"/>
							</lines>
						</method>
						<method name="commit" signature="()V" line-rate="1.0" branch-rate="1.0" complexity="0">
							<lines>
								<line number="301" hits="2" branch="false"/>
							</lines>
						</method>
						<method name="commit" signature="(Z)V" line-rate="0.0" branch-rate="1.0" complexity="0">
							<lines>
								<line number="309" hits="0" branch="false"/>
							</lines>
						</method>
						<method name="delete" signature="(Ljava/lang/String;)I" line-rate="0.0" branch-rate="1.0" complexity="0">
							<lines>
								<line number="277" hits="0" branch="false"/>
							</lines>
						</method>
						<method name="delete" signature="(Ljava/lang/String;Ljava/lang/Object;)I" line-rate="0.0" branch-rate="1.0" complexity="0">
							<lines>
								<line number="285" hits="0" branch="false"/>
							</lines>
						</method>
						<method name="flushStatements" signature="()Ljava/util/List;" line-rate="1.0" branch-rate="1.0" complexity="0">
							<lines>
								<line number="369" hits="1" branch="false"/>
							</lines>
						</method>
						<method name="getConfiguration" signature="()Lorg/apache/ibatis/session/Configuration;" line-rate="1.0" branch-rate="1.0" complexity="0">
							<lines>
								<line number="350" hits="300" branch="false"/>
							</lines>
						</method>
						<method name="getConnection" signature="()Ljava/sql/Connection;" line-rate="1.0" branch-rate="1.0" complexity="0">
							<lines>
								<line number="358" hits="6" branch="false"/>
							</lines>
						</method>
						<method name="getExecutorType" signature="()Lorg/apache/ibatis/session/ExecutorType;" line-rate="1.0" branch-rate="1.0" complexity="0">
							<lines>
								<line number="145" hits="3" branch="false"/>
							</lines>
						</method>
						<method name="getMapper" signature="(Ljava/lang/Class;)Ljava/lang/Object;" line-rate="1.0" branch-rate="1.0" complexity="0">
							<lines>
								<line number="293" hits="109" branch="false"/>
							</lines>
						</method>
						<method name="getPersistenceExceptionTranslator" signature="()Lorg/springframework/dao/support/PersistenceExceptionTranslator;" line-rate="0.0" branch-rate="1.0" complexity="0">
							<lines>
								<line number="149" hits="0" branch="false"/>
							</lines>
						</method>
						<method name="getSqlSessionFactory" signature="()Lorg/apache/ibatis/session/SqlSessionFactory;" line-rate="1.0" branch-rate="1.0" complexity="0">
							<lines>
								<line number="141" hits="1" branch="false"/>
							</lines>
						</method>
						<method name="insert" signature="(Ljava/lang/String;)I" line-rate="0.0" branch-rate="1.0" complexity="0">
							<lines>
								<line number="245" hits="0" branch="false"/>
							</lines>
						</method>
						<method name="insert" signature="(Ljava/lang/String;Ljava/lang/Object;)I" line-rate="1.0" branch-rate="1.0" complexity="0">
							<lines>
								<line number="253" hits="10" branch="false"/>
							</lines>
						</method>
						<method name="rollback" signature="()V" line-rate="1.0" branch-rate="1.0" complexity="0">
							<lines>
								<line number="317" hits="2" branch="false"/>
							</lines>
						</method>
						<method name="rollback" signature="(Z)V" line-rate="0.0" branch-rate="1.0" complexity="0">
							<lines>
								<line number="325" hits="0" branch="false"/>
							</lines>
						</method>
						<method name="select" signature="(Ljava/lang/String;Ljava/lang/Object;Lorg/apache/ibatis/session/ResultHandler;)V" line-rate="0.0" branch-rate="1.0" complexity="0">
							<lines>
								<line number="229" hits="0" branch="false"/>
								<line number="230" hits="0" branch="false"/>
							</lines>
						</method>
						<method name="select" signature="(Ljava/lang/String;Ljava/lang/Object;Lorg/apache/ibatis/session/RowBounds;Lorg/apache/ibatis/session/ResultHandler;)V" line-rate="0.0" branch-rate="1.0" complexity="0">
							<lines>
								<line number="237" hits="0" branch="false"/>
								<line number="238" hits="0" branch="false"/>
							</lines>
						</method>
						<method name="select" signature="(Ljava/lang/String;Lorg/apache/ibatis/session/ResultHandler;)V" line-rate="0.0" branch-rate="1.0" complexity="0">
							<lines>
								<line number="221" hits="0" branch="false"/>
								<line number="222" hits="0" branch="false"/>
							</lines>
						</method>
						<method name="selectList" signature="(Ljava/lang/String;)Ljava/util/List;" line-rate="0.0" branch-rate="1.0" complexity="0">
							<lines>
								<line number="197" hits="0" branch="false"/>
							</lines>
						</method>
						<method name="selectList" signature="(Ljava/lang/String;Ljava/lang/Object;)Ljava/util/List;" line-rate="1.0" branch-rate="1.0" complexity="0">
							<lines>
								<line number="205" hits="1" branch="false"/>
							</lines>
						</method>
						<method name="selectList" signature="(Ljava/lang/String;Ljava/lang/Object;Lorg/apache/ibatis/session/RowBounds;)Ljava/util/List;" line-rate="0.0" branch-rate="1.0" complexity="0">
							<lines>
								<line number="213" hits="0" branch="false"/>
							</lines>
						</method>
						<method name="selectMap" signature="(Ljava/lang/String;Ljava/lang/Object;Ljava/lang/String;)Ljava/util/Map;" line-rate="0.0" branch-rate="1.0" complexity="0">
							<lines>
								<line number="181" hits="0" branch="false"/>
							</lines>
						</method>
						<method name="selectMap" signature="(Ljava/lang/String;Ljava/lang/Object;Ljava/lang/String;Lorg/apache/ibatis/session/RowBounds;)Ljava/util/Map;" line-rate="0.0" branch-rate="1.0" complexity="0">
							<lines>
								<line number="189" hits="0" branch="false"/>
							</lines>
						</method>
						<method name="selectMap" signature="(Ljava/lang/String;Ljava/lang/String;)Ljava/util/Map;" line-rate="0.0" branch-rate="1.0" complexity="0">
							<lines>
								<line number="173" hits="0" branch="false"/>
							</lines>
						</method>
						<method name="selectOne" signature="(Ljava/lang/String;)Ljava/lang/Object;" line-rate="1.0" branch-rate="1.0" complexity="0">
							<lines>
								<line number="157" hits="5" branch="false"/>
							</lines>
						</method>
						<method name="selectOne" signature="(Ljava/lang/String;Ljava/lang/Object;)Ljava/lang/Object;" line-rate="1.0" branch-rate="1.0" complexity="0">
							<lines>
								<line number="165" hits="25" branch="false"/>
							</lines>
						</method>
						<method name="update" signature="(Ljava/lang/String;)I" line-rate="0.0" branch-rate="1.0" complexity="0">
							<lines>
								<line number="261" hits="0" branch="false"/>
							</lines>
						</method>
						<method name="update" signature="(Ljava/lang/String;Ljava/lang/Object;)I" line-rate="1.0" branch-rate="1.0" complexity="0">
							<lines>
								<line number="269" hits="4" branch="false"/>
							</lines>
						</method>
					</methods>
					<lines>
						<line number="76" hits="262" branch="false"/>
						<line number="93" hits="161" branch="false"/>
						<line number="94" hits="161" branch="false"/>
						<line number="106" hits="167" branch="false"/>
						<line number="109" hits="167" branch="false"/>
						<line number="126" hits="168" branch="false"/>
						<line number="128" hits="168" branch="false"/>
						<line number="129" hits="168" branch="false"/>
						<line number="131" hits="168" branch="false"/>
						<line number="132" hits="168" branch="false"/>
						<line number="133" hits="168" branch="false"/>
						<line number="134" hits="168" branch="false"/>
						<line number="138" hits="168" branch="false"/>
						<line number="141" hits="1" branch="false"/>
						<line number="145" hits="3" branch="false"/>
						<line number="149" hits="0" branch="false"/>
						<line number="157" hits="5" branch="false"/>
						<line number="165" hits="25" branch="false"/>
						<line number="173" hits="0" branch="false"/>
						<line number="181" hits="0" branch="false"/>
						<line number="189" hits="0" branch="false"/>
						<line number="197" hits="0" branch="false"/>
						<line number="205" hits="1" branch="false"/>
						<line number="213" hits="0" branch="false"/>
						<line number="221" hits="0" branch="false"/>
						<line number="222" hits="0" branch="false"/>
						<line number="229" hits="0" branch="false"/>
						<line number="230" hits="0" branch="false"/>
						<line number="237" hits="0" branch="false"/>
						<line number="238" hits="0" branch="false"/>
						<line number="245" hits="0" branch="false"/>
						<line number="253" hits="10" branch="false"/>
						<line number="261" hits="0" branch="false"/>
						<line number="269" hits="4" branch="false"/>
						<line number="277" hits="0" branch="false"/>
						<line number="285" hits="0" branch="false"/>
						<line number="293" hits="109" branch="false"/>
						<line number="301" hits="2" branch="false"/>
						<line number="309" hits="0" branch="false"/>
						<line number="317" hits="2" branch="false"/>
						<line number="325" hits="0" branch="false"/>
						<line number="333" hits="6" branch="false"/>
						<line number="341" hits="0" branch="false"/>
						<line number="342" hits="0" branch="false"/>
						<line number="350" hits="300" branch="false"/>
						<line number="358" hits="6" branch="false"/>
						<line number="369" hits="1" branch="false"/>
					</lines>
				</class>
				<class name="org.mybatis.spring.SqlSessionTemplate$1" filename="org/mybatis/spring/SqlSessionTemplate.java" line-rate="1.0" branch-rate="1.0" complexity="1.3823529411764706">
					<methods>
					</methods>
					<lines>
					</lines>
				</class>
				<class name="org.mybatis.spring.SqlSessionTemplate$SqlSessionInterceptor" filename="org/mybatis/spring/SqlSessionTemplate.java" line-rate="1.0" branch-rate="0.6" complexity="1.3823529411764706">
					<methods>
						<method name="&lt;init&gt;" signature="(Lorg/mybatis/spring/SqlSessionTemplate;)V" line-rate="1.0" branch-rate="1.0" complexity="0">
							<lines>
							</lines>
						</method>
						<method name="&lt;init&gt;" signature="(Lorg/mybatis/spring/SqlSessionTemplate;Lorg/mybatis/spring/SqlSessionTemplate$1;)V" line-rate="1.0" branch-rate="1.0" complexity="0">
							<lines>
								<line number="378" hits="336" branch="false"/>
							</lines>
						</method>
						<method name="invoke" signature="(Ljava/lang/Object;Ljava/lang/reflect/Method;[Ljava/lang/Object;)Ljava/lang/Object;" line-rate="1.0" branch-rate="0.6" complexity="0">
							<lines>
								<line number="381" hits="52" branch="false"/>
								<line number="386" hits="51" branch="false"/>
								<line number="387" hits="47" branch="true" condition-coverage="100% (2/2)">
									<conditions>
										<condition number="0" type="jump" coverage="100%"/>
									</conditions>
								</line>
								<line number="390" hits="19" branch="false"/>
								<line number="392" hits="47" branch="false"/>
								<line number="393" hits="4" branch="false"/>
								<line number="394" hits="4" branch="false"/>
								<line number="395" hits="4" branch="true" condition-coverage="50% (2/4)">
									<conditions>
										<condition number="0" type="jump" coverage="50%"/>
										<condition number="1" type="jump" coverage="50%"/>
									</conditions>
								</line>
								<line number="397" hits="4" branch="false"/>
								<line number="398" hits="4" branch="false"/>
								<line number="399" hits="4" branch="false"/>
								<line number="400" hits="4" branch="true" condition-coverage="50% (1/2)">
									<conditions>
										<condition number="0" type="jump" coverage="50%"/>
									</conditions>
								</line>
								<line number="401" hits="4" branch="false"/>
								<line number="404" hits="4" branch="false"/>
								<line number="406" hits="51" branch="true" condition-coverage="50% (1/2)">
									<conditions>
										<condition number="0" type="jump" coverage="50%"/>
									</conditions>
								</line>
								<line number="407" hits="47" branch="false"/>
							</lines>
						</method>
					</methods>
					<lines>
						<line number="378" hits="336" branch="false"/>
						<line number="381" hits="52" branch="false"/>
						<line number="386" hits="51" branch="false"/>
						<line number="387" hits="47" branch="true" condition-coverage="100% (2/2)">
							<conditions>
								<condition number="0" type="jump" coverage="100%"/>
							</conditions>
						</line>
						<line number="390" hits="19" branch="false"/>
						<line number="392" hits="47" branch="false"/>
						<line number="393" hits="4" branch="false"/>
						<line number="394" hits="4" branch="false"/>
						<line number="395" hits="4" branch="true" condition-coverage="50% (2/4)">
							<conditions>
								<condition number="0" type="jump" coverage="50%"/>
								<condition number="1" type="jump" coverage="50%"/>
							</conditions>
						</line>
						<line number="397" hits="4" branch="false"/>
						<line number="398" hits="4" branch="false"/>
						<line number="399" hits="4" branch="false"/>
						<line number="400" hits="4" branch="true" condition-coverage="50% (1/2)">
							<conditions>
								<condition number="0" type="jump" coverage="50%"/>
							</conditions>
						</line>
						<line number="401" hits="4" branch="false"/>
						<line number="404" hits="4" branch="false"/>
						<line number="406" hits="51" branch="true" condition-coverage="50% (1/2)">
							<conditions>
								<condition number="0" type="jump" coverage="50%"/>
							</conditions>
						</line>
						<line number="407" hits="47" branch="false"/>
					</lines>
				</class>
				<class name="org.mybatis.spring.SqlSessionUtils" filename="org/mybatis/spring/SqlSessionUtils.java" line-rate="0.9661016949152542" branch-rate="0.7222222222222222" complexity="3.642857142857143">
					<methods>
						<method name="&lt;clinit&gt;" signature="()V" line-rate="1.0" branch-rate="1.0" complexity="0">
							<lines>
								<line number="46" hits="1" branch="false"/>
							</lines>
						</method>
						<method name="&lt;init&gt;" signature="()V" line-rate="0.0" branch-rate="1.0" complexity="0">
							<lines>
								<line number="55" hits="0" branch="false"/>
								<line number="57" hits="0" branch="false"/>
							</lines>
						</method>
						<method name="access$000" signature="()Lorg/apache/ibatis/logging/Log;" line-rate="1.0" branch-rate="1.0" complexity="0">
							<lines>
								<line number="44" hits="188" branch="false"/>
							</lines>
						</method>
						<method name="closeSqlSession" signature="(Lorg/apache/ibatis/session/SqlSession;Lorg/apache/ibatis/session/SqlSessionFactory;)V" line-rate="1.0" branch-rate="0.625" complexity="0">
							<lines>
								<line number="182" hits="73" branch="false"/>
								<line number="183" hits="73" branch="false"/>
								<line number="185" hits="73" branch="false"/>
								<line number="186" hits="73" branch="true" condition-coverage="75% (3/4)">
									<conditions>
										<condition number="0" type="jump" coverage="100%"/>
										<condition number="1" type="jump" coverage="50%"/>
									</conditions>
								</line>
								<line number="187" hits="40" branch="true" condition-coverage="50% (1/2)">
									<conditions>
										<condition number="0" type="jump" coverage="50%"/>
									</conditions>
								</line>
								<line number="188" hits="40" branch="false"/>
								<line number="190" hits="40" branch="false"/>
								<line number="192" hits="33" branch="true" condition-coverage="50% (1/2)">
									<conditions>
										<condition number="0" type="jump" coverage="50%"/>
									</conditions>
								</line>
								<line number="193" hits="33" branch="false"/>
								<line number="195" hits="33" branch="false"/>
								<line number="197" hits="73" branch="false"/>
							</lines>
						</method>
						<method name="getSqlSession" signature="(Lorg/apache/ibatis/session/SqlSessionFactory;)Lorg/apache/ibatis/session/SqlSession;" line-rate="1.0" branch-rate="1.0" complexity="0">
							<lines>
								<line number="69" hits="18" branch="false"/>
								<line number="70" hits="18" branch="false"/>
							</lines>
						</method>
						<method name="getSqlSession" signature="(Lorg/apache/ibatis/session/SqlSessionFactory;Lorg/apache/ibatis/session/ExecutorType;Lorg/springframework/dao/support/PersistenceExceptionTranslator;)Lorg/apache/ibatis/session/SqlSession;" line-rate="1.0" branch-rate="0.75" complexity="0">
							<lines>
								<line number="88" hits="76" branch="false"/>
								<line number="89" hits="76" branch="false"/>
								<line number="91" hits="76" branch="false"/>
								<line number="93" hits="76" branch="false"/>
								<line number="94" hits="75" branch="true" condition-coverage="100% (2/2)">
									<conditions>
										<condition number="0" type="jump" coverage="100%"/>
									</conditions>
								</line>
								<line number="95" hits="6" branch="false"/>
								<line number="98" hits="69" branch="true" condition-coverage="50% (1/2)">
									<conditions>
										<condition number="0" type="jump" coverage="50%"/>
									</conditions>
								</line>
								<line number="99" hits="69" branch="false"/>
								<line number="102" hits="69" branch="false"/>
								<line number="104" hits="69" branch="false"/>
								<line number="106" hits="67" branch="false"/>
							</lines>
						</method>
						<method name="isSqlSessionTransactional" signature="(Lorg/apache/ibatis/session/SqlSession;Lorg/apache/ibatis/session/SqlSessionFactory;)Z" line-rate="1.0" branch-rate="0.75" complexity="0">
							<lines>
								<line number="207" hits="47" branch="false"/>
								<line number="208" hits="47" branch="false"/>
								<line number="210" hits="47" branch="false"/>
								<line number="212" hits="47" branch="true" condition-coverage="75% (3/4)">
									<conditions>
										<condition number="0" type="jump" coverage="100%"/>
										<condition number="1" type="jump" coverage="50%"/>
									</conditions>
								</line>
							</lines>
						</method>
						<method name="registerSessionHolder" signature="(Lorg/apache/ibatis/session/SqlSessionFactory;Lorg/apache/ibatis/session/ExecutorType;Lorg/springframework/dao/support/PersistenceExceptionTranslator;Lorg/apache/ibatis/session/SqlSession;)V" line-rate="1.0" branch-rate="0.75" complexity="0">
							<lines>
								<line number="125" hits="69" branch="true" condition-coverage="100% (2/2)">
									<conditions>
										<condition number="0" type="jump" coverage="100%"/>
									</conditions>
								</line>
								<line number="126" hits="39" branch="false"/>
								<line number="128" hits="39" branch="true" condition-coverage="100% (2/2)">
									<conditions>
										<condition number="0" type="jump" coverage="100%"/>
									</conditions>
								</line>
								<line number="129" hits="34" branch="true" condition-coverage="50% (1/2)">
									<conditions>
										<condition number="0" type="jump" coverage="50%"/>
									</conditions>
								</line>
								<line number="130" hits="34" branch="false"/>
								<line number="133" hits="34" branch="false"/>
								<line number="134" hits="34" branch="false"/>
								<line number="135" hits="34" branch="false"/>
								<line number="136" hits="34" branch="false"/>
								<line number="137" hits="34" branch="false"/>
								<line number="139" hits="5" branch="true" condition-coverage="100% (2/2)">
									<conditions>
										<condition number="0" type="jump" coverage="100%"/>
									</conditions>
								</line>
								<line number="140" hits="3" branch="true" condition-coverage="50% (1/2)">
									<conditions>
										<condition number="0" type="jump" coverage="50%"/>
									</conditions>
								</line>
								<line number="141" hits="3" branch="false"/>
								<line number="144" hits="2" branch="false"/>
								<line number="148" hits="37" branch="false"/>
								<line number="149" hits="30" branch="true" condition-coverage="50% (1/2)">
									<conditions>
										<condition number="0" type="jump" coverage="50%"/>
									</conditions>
								</line>
								<line number="150" hits="30" branch="false"/>
								<line number="153" hits="67" branch="false"/>
							</lines>
						</method>
						<method name="sessionHolder" signature="(Lorg/apache/ibatis/session/ExecutorType;Lorg/mybatis/spring/SqlSessionHolder;)Lorg/apache/ibatis/session/SqlSession;" line-rate="1.0" branch-rate="0.75" complexity="0">
							<lines>
								<line number="156" hits="76" branch="false"/>
								<line number="157" hits="76" branch="true" condition-coverage="75% (3/4)">
									<conditions>
										<condition number="0" type="jump" coverage="100%"/>
										<condition number="1" type="jump" coverage="50%"/>
									</conditions>
								</line>
								<line number="158" hits="7" branch="true" condition-coverage="100% (2/2)">
									<conditions>
										<condition number="0" type="jump" coverage="100%"/>
									</conditions>
								</line>
								<line number="159" hits="1" branch="false"/>
								<line number="162" hits="6" branch="false"/>
								<line number="164" hits="6" branch="true" condition-coverage="50% (1/2)">
									<conditions>
										<condition number="0" type="jump" coverage="50%"/>
									</conditions>
								</line>
								<line number="165" hits="6" branch="false"/>
								<line number="168" hits="6" branch="false"/>
								<line number="170" hits="75" branch="false"/>
							</lines>
						</method>
					</methods>
					<lines>
						<line number="44" hits="188" branch="false"/>
						<line number="46" hits="1" branch="false"/>
						<line number="55" hits="0" branch="false"/>
						<line number="57" hits="0" branch="false"/>
						<line number="69" hits="18" branch="false"/>
						<line number="70" hits="18" branch="false"/>
						<line number="88" hits="76" branch="false"/>
						<line number="89" hits="76" branch="false"/>
						<line number="91" hits="76" branch="false"/>
						<line number="93" hits="76" branch="false"/>
						<line number="94" hits="75" branch="true" condition-coverage="100% (2/2)">
							<conditions>
								<condition number="0" type="jump" coverage="100%"/>
							</conditions>
						</line>
						<line number="95" hits="6" branch="false"/>
						<line number="98" hits="69" branch="true" condition-coverage="50% (1/2)">
							<conditions>
								<condition number="0" type="jump" coverage="50%"/>
							</conditions>
						</line>
						<line number="99" hits="69" branch="false"/>
						<line number="102" hits="69" branch="false"/>
						<line number="104" hits="69" branch="false"/>
						<line number="106" hits="67" branch="false"/>
						<line number="125" hits="69" branch="true" condition-coverage="100% (2/2)">
							<conditions>
								<condition number="0" type="jump" coverage="100%"/>
							</conditions>
						</line>
						<line number="126" hits="39" branch="false"/>
						<line number="128" hits="39" branch="true" condition-coverage="100% (2/2)">
							<conditions>
								<condition number="0" type="jump" coverage="100%"/>
							</conditions>
						</line>
						<line number="129" hits="34" branch="true" condition-coverage="50% (1/2)">
							<conditions>
								<condition number="0" type="jump" coverage="50%"/>
							</conditions>
						</line>
						<line number="130" hits="34" branch="false"/>
						<line number="133" hits="34" branch="false"/>
						<line number="134" hits="34" branch="false"/>
						<line number="135" hits="34" branch="false"/>
						<line number="136" hits="34" branch="false"/>
						<line number="137" hits="34" branch="false"/>
						<line number="139" hits="5" branch="true" condition-coverage="100% (2/2)">
							<conditions>
								<condition number="0" type="jump" coverage="100%"/>
							</conditions>
						</line>
						<line number="140" hits="3" branch="true" condition-coverage="50% (1/2)">
							<conditions>
								<condition number="0" type="jump" coverage="50%"/>
							</conditions>
						</line>
						<line number="141" hits="3" branch="false"/>
						<line number="144" hits="2" branch="false"/>
						<line number="148" hits="37" branch="false"/>
						<line number="149" hits="30" branch="true" condition-coverage="50% (1/2)">
							<conditions>
								<condition number="0" type="jump" coverage="50%"/>
							</conditions>
						</line>
						<line number="150" hits="30" branch="false"/>
						<line number="153" hits="67" branch="false"/>
						<line number="156" hits="76" branch="false"/>
						<line number="157" hits="76" branch="true" condition-coverage="75% (3/4)">
							<conditions>
								<condition number="0" type="jump" coverage="100%"/>
								<condition number="1" type="jump" coverage="50%"/>
							</conditions>
						</line>
						<line number="158" hits="7" branch="true" condition-coverage="100% (2/2)">
							<conditions>
								<condition number="0" type="jump" coverage="100%"/>
							</conditions>
						</line>
						<line number="159" hits="1" branch="false"/>
						<line number="162" hits="6" branch="false"/>
						<line number="164" hits="6" branch="true" condition-coverage="50% (1/2)">
							<conditions>
								<condition number="0" type="jump" coverage="50%"/>
							</conditions>
						</line>
						<line number="165" hits="6" branch="false"/>
						<line number="168" hits="6" branch="false"/>
						<line number="170" hits="75" branch="false"/>
						<line number="182" hits="73" branch="false"/>
						<line number="183" hits="73" branch="false"/>
						<line number="185" hits="73" branch="false"/>
						<line number="186" hits="73" branch="true" condition-coverage="75% (3/4)">
							<conditions>
								<condition number="0" type="jump" coverage="100%"/>
								<condition number="1" type="jump" coverage="50%"/>
							</conditions>
						</line>
						<line number="187" hits="40" branch="true" condition-coverage="50% (1/2)">
							<conditions>
								<condition number="0" type="jump" coverage="50%"/>
							</conditions>
						</line>
						<line number="188" hits="40" branch="false"/>
						<line number="190" hits="40" branch="false"/>
						<line number="192" hits="33" branch="true" condition-coverage="50% (1/2)">
							<conditions>
								<condition number="0" type="jump" coverage="50%"/>
							</conditions>
						</line>
						<line number="193" hits="33" branch="false"/>
						<line number="195" hits="33" branch="false"/>
						<line number="197" hits="73" branch="false"/>
						<line number="207" hits="47" branch="false"/>
						<line number="208" hits="47" branch="false"/>
						<line number="210" hits="47" branch="false"/>
						<line number="212" hits="47" branch="true" condition-coverage="75% (3/4)">
							<conditions>
								<condition number="0" type="jump" coverage="100%"/>
								<condition number="1" type="jump" coverage="50%"/>
							</conditions>
						</line>
					</lines>
				</class>
				<class name="org.mybatis.spring.SqlSessionUtils$SqlSessionSynchronization" filename="org/mybatis/spring/SqlSessionUtils.java" line-rate="0.8367346938775511" branch-rate="0.4642857142857143" complexity="3.642857142857143">
					<methods>
						<method name="&lt;init&gt;" signature="(Lorg/mybatis/spring/SqlSessionHolder;Lorg/apache/ibatis/session/SqlSessionFactory;)V" line-rate="1.0" branch-rate="1.0" complexity="0">
							<lines>
								<line number="227" hits="34" branch="false"/>
								<line number="229" hits="34" branch="false"/>
								<line number="230" hits="34" branch="false"/>
								<line number="231" hits="34" branch="false"/>
								<line number="233" hits="34" branch="false"/>
								<line number="234" hits="34" branch="false"/>
								<line number="235" hits="34" branch="false"/>
							</lines>
						</method>
						<method name="afterCompletion" signature="(I)V" line-rate="0.3" branch-rate="0.16666666666666666" complexity="0">
							<lines>
								<line number="328" hits="34" branch="true" condition-coverage="50% (1/2)">
									<conditions>
										<condition number="0" type="jump" coverage="50%"/>
									</conditions>
								</line>
								<line number="331" hits="0" branch="true" condition-coverage="0% (0/2)">
									<conditions>
										<condition number="0" type="jump" coverage="0%"/>
									</conditions>
								</line>
								<line number="332" hits="0" branch="false"/>
								<line number="334" hits="0" branch="false"/>
								<line number="335" hits="0" branch="false"/>
								<line number="336" hits="0" branch="true" condition-coverage="0% (0/2)">
									<conditions>
										<condition number="0" type="jump" coverage="0%"/>
									</conditions>
								</line>
								<line number="337" hits="0" branch="false"/>
								<line number="339" hits="0" branch="false"/>
								<line number="341" hits="34" branch="false"/>
								<line number="342" hits="34" branch="false"/>
							</lines>
						</method>
						<method name="beforeCommit" signature="(Z)V" line-rate="0.9166666666666666" branch-rate="0.625" complexity="0">
							<lines>
								<line number="283" hits="23" branch="true" condition-coverage="100% (2/2)">
									<conditions>
										<condition number="0" type="jump" coverage="100%"/>
									</conditions>
								</line>
								<line number="285" hits="22" branch="true" condition-coverage="50% (1/2)">
									<conditions>
										<condition number="0" type="jump" coverage="50%"/>
									</conditions>
								</line>
								<line number="286" hits="22" branch="false"/>
								<line number="288" hits="22" branch="false"/>
								<line number="289" hits="1" branch="false"/>
								<line number="290" hits="1" branch="true" condition-coverage="50% (1/2)">
									<conditions>
										<condition number="0" type="jump" coverage="50%"/>
									</conditions>
								</line>
								<line number="291" hits="1" branch="false"/>
								<line number="294" hits="1" branch="true" condition-coverage="50% (1/2)">
									<conditions>
										<condition number="0" type="jump" coverage="50%"/>
									</conditions>
								</line>
								<line number="295" hits="1" branch="false"/>
								<line number="298" hits="0" branch="false"/>
								<line number="299" hits="21" branch="false"/>
								<line number="301" hits="22" branch="false"/>
							</lines>
						</method>
						<method name="beforeCompletion" signature="()V" line-rate="1.0" branch-rate="0.5" complexity="0">
							<lines>
								<line number="310" hits="34" branch="true" condition-coverage="50% (1/2)">
									<conditions>
										<condition number="0" type="jump" coverage="50%"/>
									</conditions>
								</line>
								<line number="311" hits="34" branch="true" condition-coverage="50% (1/2)">
									<conditions>
										<condition number="0" type="jump" coverage="50%"/>
									</conditions>
								</line>
								<line number="312" hits="34" branch="false"/>
								<line number="314" hits="34" branch="false"/>
								<line number="315" hits="34" branch="false"/>
								<line number="316" hits="34" branch="true" condition-coverage="50% (1/2)">
									<conditions>
										<condition number="0" type="jump" coverage="50%"/>
									</conditions>
								</line>
								<line number="317" hits="34" branch="false"/>
								<line number="319" hits="34" branch="false"/>
								<line number="321" hits="34" branch="false"/>
							</lines>
						</method>
						<method name="getOrder" signature="()I" line-rate="1.0" branch-rate="1.0" complexity="0">
							<lines>
								<line number="243" hits="94" branch="false"/>
							</lines>
						</method>
						<method name="resume" signature="()V" line-rate="1.0" branch-rate="0.5" complexity="0">
							<lines>
								<line number="264" hits="2" branch="true" condition-coverage="50% (1/2)">
									<conditions>
										<condition number="0" type="jump" coverage="50%"/>
									</conditions>
								</line>
								<line number="265" hits="2" branch="true" condition-coverage="50% (1/2)">
									<conditions>
										<condition number="0" type="jump" coverage="50%"/>
									</conditions>
								</line>
								<line number="266" hits="2" branch="false"/>
								<line number="268" hits="2" branch="false"/>
								<line number="270" hits="2" branch="false"/>
							</lines>
						</method>
						<method name="suspend" signature="()V" line-rate="1.0" branch-rate="0.5" complexity="0">
							<lines>
								<line number="251" hits="2" branch="true" condition-coverage="50% (1/2)">
									<conditions>
										<condition number="0" type="jump" coverage="50%"/>
									</conditions>
								</line>
								<line number="252" hits="2" branch="true" condition-coverage="50% (1/2)">
									<conditions>
										<condition number="0" type="jump" coverage="50%"/>
									</conditions>
								</line>
								<line number="253" hits="2" branch="false"/>
								<line number="255" hits="2" branch="false"/>
								<line number="257" hits="2" branch="false"/>
							</lines>
						</method>
					</methods>
					<lines>
						<line number="227" hits="34" branch="false"/>
						<line number="229" hits="34" branch="false"/>
						<line number="230" hits="34" branch="false"/>
						<line number="231" hits="34" branch="false"/>
						<line number="233" hits="34" branch="false"/>
						<line number="234" hits="34" branch="false"/>
						<line number="235" hits="34" branch="false"/>
						<line number="243" hits="94" branch="false"/>
						<line number="251" hits="2" branch="true" condition-coverage="50% (1/2)">
							<conditions>
								<condition number="0" type="jump" coverage="50%"/>
							</conditions>
						</line>
						<line number="252" hits="2" branch="true" condition-coverage="50% (1/2)">
							<conditions>
								<condition number="0" type="jump" coverage="50%"/>
							</conditions>
						</line>
						<line number="253" hits="2" branch="false"/>
						<line number="255" hits="2" branch="false"/>
						<line number="257" hits="2" branch="false"/>
						<line number="264" hits="2" branch="true" condition-coverage="50% (1/2)">
							<conditions>
								<condition number="0" type="jump" coverage="50%"/>
							</conditions>
						</line>
						<line number="265" hits="2" branch="true" condition-coverage="50% (1/2)">
							<conditions>
								<condition number="0" type="jump" coverage="50%"/>
							</conditions>
						</line>
						<line number="266" hits="2" branch="false"/>
						<line number="268" hits="2" branch="false"/>
						<line number="270" hits="2" branch="false"/>
						<line number="283" hits="23" branch="true" condition-coverage="100% (2/2)">
							<conditions>
								<condition number="0" type="jump" coverage="100%"/>
							</conditions>
						</line>
						<line number="285" hits="22" branch="true" condition-coverage="50% (1/2)">
							<conditions>
								<condition number="0" type="jump" coverage="50%"/>
							</conditions>
						</line>
						<line number="286" hits="22" branch="false"/>
						<line number="288" hits="22" branch="false"/>
						<line number="289" hits="1" branch="false"/>
						<line number="290" hits="1" branch="true" condition-coverage="50% (1/2)">
							<conditions>
								<condition number="0" type="jump" coverage="50%"/>
							</conditions>
						</line>
						<line number="291" hits="1" branch="false"/>
						<line number="294" hits="1" branch="true" condition-coverage="50% (1/2)">
							<conditions>
								<condition number="0" type="jump" coverage="50%"/>
							</conditions>
						</line>
						<line number="295" hits="1" branch="false"/>
						<line number="298" hits="0" branch="false"/>
						<line number="299" hits="21" branch="false"/>
						<line number="301" hits="22" branch="false"/>
						<line number="310" hits="34" branch="true" condition-coverage="50% (1/2)">
							<conditions>
								<condition number="0" type="jump" coverage="50%"/>
							</conditions>
						</line>
						<line number="311" hits="34" branch="true" condition-coverage="50% (1/2)">
							<conditions>
								<condition number="0" type="jump" coverage="50%"/>
							</conditions>
						</line>
						<line number="312" hits="34" branch="false"/>
						<line number="314" hits="34" branch="false"/>
						<line number="315" hits="34" branch="false"/>
						<line number="316" hits="34" branch="true" condition-coverage="50% (1/2)">
							<conditions>
								<condition number="0" type="jump" coverage="50%"/>
							</conditions>
						</line>
						<line number="317" hits="34" branch="false"/>
						<line number="319" hits="34" branch="false"/>
						<line number="321" hits="34" branch="false"/>
						<line number="328" hits="34" branch="true" condition-coverage="50% (1/2)">
							<conditions>
								<condition number="0" type="jump" coverage="50%"/>
							</conditions>
						</line>
						<line number="331" hits="0" branch="true" condition-coverage="0% (0/2)">
							<conditions>
								<condition number="0" type="jump" coverage="0%"/>
							</conditions>
						</line>
						<line number="332" hits="0" branch="false"/>
						<line number="334" hits="0" branch="false"/>
						<line number="335" hits="0" branch="false"/>
						<line number="336" hits="0" branch="true" condition-coverage="0% (0/2)">
							<conditions>
								<condition number="0" type="jump" coverage="0%"/>
							</conditions>
						</line>
						<line number="337" hits="0" branch="false"/>
						<line number="339" hits="0" branch="false"/>
						<line number="341" hits="34" branch="false"/>
						<line number="342" hits="34" branch="false"/>
					</lines>
				</class>
			</classes>
		</package>
		<package name="org.mybatis.spring.annotation" line-rate="1.0" branch-rate="0.85" complexity="6.0">
			<classes>
				<class name="org.mybatis.spring.annotation.MapperScan" filename="org/mybatis/spring/annotation/MapperScan.java" line-rate="1.0" branch-rate="1.0" complexity="0.0">
					<methods>
					</methods>
					<lines>
					</lines>
				</class>
				<class name="org.mybatis.spring.annotation.MapperScannerRegistrar" filename="org/mybatis/spring/annotation/MapperScannerRegistrar.java" line-rate="1.0" branch-rate="0.85" complexity="6.0">
					<methods>
						<method name="&lt;init&gt;" signature="()V" line-rate="1.0" branch-rate="1.0" complexity="0">
							<lines>
								<line number="49" hits="11" branch="false"/>
							</lines>
						</method>
						<method name="registerBeanDefinitions" signature="(Lorg/springframework/core/type/AnnotationMetadata;Lorg/springframework/beans/factory/support/BeanDefinitionRegistry;)V" line-rate="1.0" branch-rate="0.85" complexity="0">
							<lines>
								<line number="59" hits="11" branch="false"/>
								<line number="60" hits="11" branch="false"/>
								<line number="63" hits="11" branch="true" condition-coverage="50% (1/2)">
									<conditions>
										<condition number="0" type="jump" coverage="50%"/>
									</conditions>
								</line>
								<line number="64" hits="11" branch="false"/>
								<line number="67" hits="11" branch="false"/>
								<line number="68" hits="11" branch="true" condition-coverage="100% (2/2)">
									<conditions>
										<condition number="0" type="jump" coverage="100%"/>
									</conditions>
								</line>
								<line number="69" hits="2" branch="false"/>
								<line number="72" hits="11" branch="false"/>
								<line number="73" hits="11" branch="true" condition-coverage="100% (2/2)">
									<conditions>
										<condition number="0" type="jump" coverage="100%"/>
									</conditions>
								</line>
								<line number="74" hits="2" branch="false"/>
								<line number="77" hits="11" branch="false"/>
								<line number="78" hits="11" branch="true" condition-coverage="100% (2/2)">
									<conditions>
										<condition number="0" type="jump" coverage="100%"/>
									</conditions>
								</line>
								<line number="79" hits="1" branch="false"/>
								<line number="82" hits="11" branch="false"/>
								<line number="83" hits="11" branch="true" condition-coverage="100% (2/2)">
									<conditions>
										<condition number="0" type="jump" coverage="100%"/>
									</conditions>
								</line>
								<line number="84" hits="1" branch="false"/>
								<line number="87" hits="11" branch="false"/>
								<line number="88" hits="11" branch="false"/>
								<line number="90" hits="11" branch="false"/>
								<line number="91" hits="14" branch="true" condition-coverage="100% (2/2)">
									<conditions>
										<condition number="0" type="jump" coverage="100%"/>
									</conditions>
								</line>
								<line number="92" hits="3" branch="true" condition-coverage="50% (1/2)">
									<conditions>
										<condition number="0" type="jump" coverage="50%"/>
									</conditions>
								</line>
								<line number="93" hits="3" branch="false"/>
								<line number="96" hits="18" branch="true" condition-coverage="100% (2/2)">
									<conditions>
										<condition number="0" type="jump" coverage="100%"/>
									</conditions>
								</line>
								<line number="97" hits="7" branch="true" condition-coverage="50% (1/2)">
									<conditions>
										<condition number="0" type="jump" coverage="50%"/>
									</conditions>
								</line>
								<line number="98" hits="7" branch="false"/>
								<line number="101" hits="12" branch="true" condition-coverage="100% (2/2)">
									<conditions>
										<condition number="0" type="jump" coverage="100%"/>
									</conditions>
								</line>
								<line number="102" hits="1" branch="false"/>
								<line number="104" hits="11" branch="false"/>
								<line number="105" hits="11" branch="false"/>
[...]
						<method name="setApplicationContext" signature="(Lorg/springframework/context/ApplicationContext;)V" line-rate="1.0" branch-rate="1.0" complexity="0">
							<lines>
								<line number="250" hits="13" branch="false"/>
								<line number="251" hits="13" branch="false"/>
							</lines>
						</method>
						<method name="setBasePackage" signature="(Ljava/lang/String;)V" line-rate="1.0" branch-rate="1.0" complexity="0">
							<lines>
								<line number="132" hits="13" branch="false"/>
								<line number="133" hits="13" branch="false"/>
							</lines>
						</method>
						<method name="setBeanName" signature="(Ljava/lang/String;)V" line-rate="1.0" branch-rate="1.0" complexity="0">
							<lines>
								<line number="258" hits="13" branch="false"/>
								<line number="259" hits="13" branch="false"/>
							</lines>
						</method>
						<method name="setMarkerInterface" signature="(Ljava/lang/Class;)V" line-rate="1.0" branch-rate="1.0" complexity="0">
							<lines>
								<line number="170" hits="4" branch="false"/>
								<line number="171" hits="4" branch="false"/>
							</lines>
						</method>
						<method name="setNameGenerator" signature="(Lorg/springframework/beans/factory/support/BeanNameGenerator;)V" line-rate="1.0" branch-rate="1.0" complexity="0">
							<lines>
								<line number="278" hits="1" branch="false"/>
								<line number="279" hits="1" branch="false"/>
							</lines>
						</method>
						<method name="setProcessPropertyPlaceHolders" signature="(Z)V" line-rate="1.0" branch-rate="1.0" complexity="0">
							<lines>
								<line number="242" hits="1" branch="false"/>
								<line number="243" hits="1" branch="false"/>
							</lines>
						</method>
						<method name="setSqlSessionFactory" signature="(Lorg/apache/ibatis/session/SqlSessionFactory;)V" line-rate="0.0" branch-rate="1.0" complexity="0">
							<lines>
								<line number="215" hits="0" branch="false"/>
								<line number="216" hits="0" branch="false"/>
							</lines>
						</method>
						<method name="setSqlSessionFactoryBeanName" signature="(Ljava/lang/String;)V" line-rate="1.0" branch-rate="1.0" complexity="0">
							<lines>
								<line number="232" hits="4" branch="false"/>
								<line number="233" hits="4" branch="false"/>
							</lines>
						</method>
						<method name="setSqlSessionTemplate" signature="(Lorg/mybatis/spring/SqlSessionTemplate;)V" line-rate="0.0" branch-rate="1.0" complexity="0">
							<lines>
								<line number="184" hits="0" branch="false"/>
								<line number="185" hits="0" branch="false"/>
							</lines>
						</method>
						<method name="setSqlSessionTemplateBeanName" signature="(Ljava/lang/String;)V" line-rate="1.0" branch-rate="1.0" complexity="0">
							<lines>
								<line number="201" hits="1" branch="false"/>
								<line number="202" hits="1" branch="false"/>
							</lines>
						</method>
						<method name="updatePropertyValue" signature="(Ljava/lang/String;Lorg/springframework/beans/PropertyValues;)Ljava/lang/String;" line-rate="0.6363636363636364" branch-rate="0.5" complexity="0">
							<lines>
								<line number="355" hits="3" branch="false"/>
								<line number="357" hits="3" branch="true" condition-coverage="100% (2/2)">
									<conditions>
										<condition number="0" type="jump" coverage="100%"/>
									</conditions>
								</line>
								<line number="358" hits="2" branch="false"/>
								<line number="361" hits="1" branch="false"/>
								<line number="363" hits="1" branch="true" condition-coverage="50% (1/2)">
									<conditions>
										<condition number="0" type="jump" coverage="50%"/>
									</conditions>
								</line>
								<line number="364" hits="0" branch="false"/>
								<line number="365" hits="1" branch="true" condition-coverage="50% (1/2)">
									<conditions>
										<condition number="0" type="jump" coverage="50%"/>
									</conditions>
								</line>
								<line number="366" hits="1" branch="false"/>
								<line number="367" hits="0" branch="true" condition-coverage="0% (0/2)">
									<conditions>
										<condition number="0" type="jump" coverage="0%"/>
									</conditions>
								</line>
								<line number="368" hits="0" branch="false"/>
								<line number="370" hits="0" branch="false"/>
							</lines>
						</method>
					</methods>
					<lines>
						<line number="96" hits="13" branch="false"/>
						<line number="100" hits="13" branch="false"/>
						<line number="132" hits="13" branch="false"/>
						<line number="133" hits="13" branch="false"/>
						<line number="142" hits="0" branch="false"/>
						<line number="143" hits="0" branch="false"/>
						<line number="156" hits="2" branch="false"/>
						<line number="157" hits="2" branch="false"/>
						<line number="170" hits="4" branch="false"/>
						<line number="171" hits="4" branch="false"/>
						<line number="184" hits="0" branch="false"/>
						<line number="185" hits="0" branch="false"/>
						<line number="201" hits="1" branch="false"/>
						<line number="202" hits="1" branch="false"/>
						<line number="215" hits="0" branch="false"/>
						<line number="216" hits="0" branch="false"/>
						<line number="232" hits="4" branch="false"/>
						<line number="233" hits="4" branch="false"/>
						<line number="242" hits="1" branch="false"/>
						<line number="243" hits="1" branch="false"/>
						<line number="250" hits="13" branch="false"/>
						<line number="251" hits="13" branch="false"/>
						<line number="258" hits="13" branch="false"/>
						<line number="259" hits="13" branch="false"/>
						<line number="268" hits="0" branch="false"/>
						<line number="278" hits="1" branch="false"/>
						<line number="279" hits="1" branch="false"/>
						<line number="286" hits="13" branch="false"/>
						<line number="287" hits="13" branch="false"/>
						<line number="295" hits="13" branch="false"/>
						<line number="304" hits="13" branch="true" condition-coverage="100% (2/2)">
							<conditions>
								<condition number="0" type="jump" coverage="100%"/>
							</conditions>
						</line>
						<line number="305" hits="1" branch="false"/>
						<line number="308" hits="13" branch="false"/>
						<line number="309" hits="13" branch="false"/>
						<line number="310" hits="13" branch="false"/>
						<line number="311" hits="13" branch="false"/>
						<line number="312" hits="13" branch="false"/>
						<line number="313" hits="13" branch="false"/>
						<line number="314" hits="13" branch="false"/>
						<line number="315" hits="13" branch="false"/>
						<line number="316" hits="13" branch="false"/>
						<line number="317" hits="13" branch="false"/>
						<line number="318" hits="13" branch="false"/>
						<line number="319" hits="13" branch="false"/>
						<line number="320" hits="13" branch="false"/>
						<line number="330" hits="1" branch="false"/>
						<line number="332" hits="1" branch="true" condition-coverage="50% (2/4)">
							<conditions>
								<condition number="0" type="jump" coverage="50%"/>
								<condition number="1" type="jump" coverage="50%"/>
							</conditions>
						</line>
						<line number="333" hits="1" branch="false"/>
						<line number="339" hits="1" branch="false"/>
						<line number="340" hits="1" branch="false"/>
						<line number="342" hits="1" branch="true" condition-coverage="100% (2/2)">
							<conditions>
								<condition number="0" type="jump" coverage="100%"/>
							</conditions>
						</line>
						<line number="343" hits="1" branch="false"/>
						<line number="344" hits="1" branch="false"/>
						<line number="346" hits="1" branch="false"/>
						<line number="348" hits="1" branch="false"/>
						<line number="349" hits="1" branch="false"/>
						<line number="350" hits="1" branch="false"/>
						<line number="352" hits="1" branch="false"/>
						<line number="355" hits="3" branch="false"/>
						<line number="357" hits="3" branch="true" condition-coverage="100% (2/2)">
							<conditions>
								<condition number="0" type="jump" coverage="100%"/>
							</conditions>
						</line>
						<line number="358" hits="2" branch="false"/>
						<line number="361" hits="1" branch="false"/>
						<line number="363" hits="1" branch="true" condition-coverage="50% (1/2)">
							<conditions>
								<condition number="0" type="jump" coverage="50%"/>
							</conditions>
						</line>
						<line number="364" hits="0" branch="false"/>
						<line number="365" hits="1" branch="true" condition-coverage="50% (1/2)">
							<conditions>
								<condition number="0" type="jump" coverage="50%"/>
							</conditions>
						</line>
						<line number="366" hits="1" branch="false"/>
						<line number="367" hits="0" branch="true" condition-coverage="0% (0/2)">
							<conditions>
								<condition number="0" type="jump" coverage="0%"/>
							</conditions>
						</line>
						<line number="368" hits="0" branch="false"/>
						<line number="370" hits="0" branch="false"/>
					</lines>
				</class>
			</classes>
		</package>
		<package name="org.mybatis.spring.support" line-rate="1.0" branch-rate="1.0" complexity="1.25">
			<classes>
				<class name="org.mybatis.spring.support.SqlSessionDaoSupport" filename="org/mybatis/spring/support/SqlSessionDaoSupport.java" line-rate="1.0" branch-rate="1.0" complexity="1.25">
					<methods>
						<method name="&lt;init&gt;" signature="()V" line-rate="1.0" branch-rate="1.0" complexity="0">
							<lines>
								<line number="42" hits="214" branch="false"/>
							</lines>
						</method>
						<method name="checkDaoConfig" signature="()V" line-rate="1.0" branch-rate="1.0" complexity="0">
							<lines>
								<line number="75" hits="168" branch="false"/>
								<line number="76" hits="165" branch="false"/>
							</lines>
						</method>
						<method name="getSqlSession" signature="()Lorg/apache/ibatis/session/SqlSession;" line-rate="1.0" branch-rate="1.0" complexity="0">
							<lines>
								<line number="67" hits="279" branch="false"/>
							</lines>
						</method>
						<method name="setSqlSessionFactory" signature="(Lorg/apache/ibatis/session/SqlSessionFactory;)V" line-rate="1.0" branch-rate="1.0" complexity="0">
							<lines>
								<line number="49" hits="150" branch="true" condition-coverage="100% (2/2)">
									<conditions>
										<condition number="0" type="jump" coverage="100%"/>
									</conditions>
								</line>
								<line number="50" hits="149" branch="false"/>
								<line number="52" hits="150" branch="false"/>
							</lines>
						</method>
						<method name="setSqlSessionTemplate" signature="(Lorg/mybatis/spring/SqlSessionTemplate;)V" line-rate="1.0" branch-rate="1.0" complexity="0">
							<lines>
								<line number="55" hits="20" branch="false"/>
								<line number="56" hits="20" branch="false"/>
								<line number="57" hits="20" branch="false"/>
							</lines>
						</method>
					</methods>
					<lines>
						<line number="42" hits="214" branch="false"/>
						<line number="49" hits="150" branch="true" condition-coverage="100% (2/2)">
							<conditions>
								<condition number="0" type="jump" coverage="100%"/>
							</conditions>
						</line>
						<line number="50" hits="149" branch="false"/>
						<line number="52" hits="150" branch="false"/>
						<line number="55" hits="20" branch="false"/>
						<line number="56" hits="20" branch="false"/>
						<line number="57" hits="20" branch="false"/>
						<line number="67" hits="279" branch="false"/>
						<line number="75" hits="168" branch="false"/>
						<line number="76" hits="165" branch="false"/>
					</lines>
				</class>
			</classes>
		</package>
		<package name="org.mybatis.spring.transaction" line-rate="0.9333333333333333" branch-rate="0.7272727272727273" complexity="2.3333333333333335">
			<classes>
				<class name="org.mybatis.spring.transaction.SpringManagedTransaction" filename="org/mybatis/spring/transaction/SpringManagedTransaction.java" line-rate="1.0" branch-rate="0.7272727272727273" complexity="2.8333333333333335">
					<methods>
						<method name="&lt;clinit&gt;" signature="()V" line-rate="1.0" branch-rate="1.0" complexity="0">
							<lines>
								<line number="47" hits="1" branch="false"/>
							</lines>
						</method>
						<method name="&lt;init&gt;" signature="(Ljavax/sql/DataSource;)V" line-rate="1.0" branch-rate="1.0" complexity="0">
							<lines>
								<line number="57" hits="69" branch="false"/>
								<line number="58" hits="69" branch="false"/>
								<line number="59" hits="69" branch="false"/>
								<line number="60" hits="69" branch="false"/>
							</lines>
						</method>
						<method name="close" signature="()V" line-rate="1.0" branch-rate="1.0" complexity="0">
							<lines>
								<line number="127" hits="69" branch="false"/>
								<line number="128" hits="69" branch="false"/>
							</lines>
						</method>
						<method name="commit" signature="()V" line-rate="1.0" branch-rate="0.75" complexity="0">
							<lines>
								<line number="101" hits="33" branch="true" condition-coverage="83% (5/6)">
									<conditions>
										<condition number="0" type="jump" coverage="50%"/>
										<condition number="1" type="jump" coverage="100%"/>
										<condition number="2" type="jump" coverage="100%"/>
									</conditions>
								</line>
								<line number="102" hits="14" branch="true" condition-coverage="50% (1/2)">
									<conditions>
										<condition number="0" type="jump" coverage="50%"/>
									</conditions>
								</line>
								<line number="103" hits="14" branch="false"/>
								<line number="105" hits="14" branch="false"/>
								<line number="107" hits="33" branch="false"/>
							</lines>
						</method>
						<method name="getConnection" signature="()Ljava/sql/Connection;" line-rate="1.0" branch-rate="1.0" complexity="0">
							<lines>
								<line number="67" hits="70" branch="true" condition-coverage="100% (2/2)">
									<conditions>
										<condition number="0" type="jump" coverage="100%"/>
									</conditions>
								</line>
								<line number="68" hits="63" branch="false"/>
								<line number="70" hits="70" branch="false"/>
							</lines>
						</method>
						<method name="openConnection" signature="()V" line-rate="1.0" branch-rate="0.75" complexity="0">
							<lines>
								<line number="82" hits="63" branch="false"/>
								<line number="83" hits="63" branch="false"/>
								<line number="84" hits="63" branch="false"/>
								<line number="86" hits="63" branch="true" condition-coverage="50% (1/2)">
									<conditions>
										<condition number="0" type="jump" coverage="50%"/>
									</conditions>
								</line>
								<line number="87" hits="63" branch="true" condition-coverage="100% (2/2)">
									<conditions>
										<condition number="0" type="jump" coverage="100%"/>
									</conditions>
								</line>
								<line number="94" hits="63" branch="false"/>
							</lines>
						</method>
						<method name="rollback" signature="()V" line-rate="1.0" branch-rate="0.625" complexity="0">
							<lines>
								<line number="114" hits="7" branch="true" condition-coverage="66% (4/6)">
									<conditions>
										<condition number="0" type="jump" coverage="50%"/>
										<condition number="1" type="jump" coverage="100%"/>
										<condition number="2" type="jump" coverage="50%"/>
									</conditions>
								</line>
								<line number="115" hits="3" branch="true" condition-coverage="50% (1/2)">
									<conditions>
										<condition number="0" type="jump" coverage="50%"/>
									</conditions>
								</line>
								<line number="116" hits="3" branch="false"/>
								<line number="118" hits="3" branch="false"/>
								<line number="120" hits="7" branch="false"/>
							</lines>
						</method>
					</methods>
					<lines>
						<line number="47" hits="1" branch="false"/>
						<line number="57" hits="69" branch="false"/>
						<line number="58" hits="69" branch="false"/>
						<line number="59" hits="69" branch="false"/>
						<line number="60" hits="69" branch="false"/>
						<line number="67" hits="70" branch="true" condition-coverage="100% (2/2)">
							<conditions>
								<condition number="0" type="jump" coverage="100%"/>
							</conditions>
						</line>
						<line number="68" hits="63" branch="false"/>
						<line number="70" hits="70" branch="false"/>
						<line number="82" hits="63" branch="false"/>
						<line number="83" hits="63" branch="false"/>
						<line number="84" hits="63" branch="false"/>
						<line number="86" hits="63" branch="true" condition-coverage="50% (1/2)">
							<conditions>
								<condition number="0" type="jump" coverage="50%"/>
							</conditions>
						</line>
						<line number="87" hits="63" branch="true" condition-coverage="100% (2/2)">
							<conditions>
								<condition number="0" type="jump" coverage="100%"/>
							</conditions>
						</line>
						<line number="94" hits="63" branch="false"/>
						<line number="101" hits="33" branch="true" condition-coverage="83% (5/6)">
							<conditions>
								<condition number="0" type="jump" coverage="50%"/>
								<condition number="1" type="jump" coverage="100%"/>
								<condition number="2" type="jump" coverage="100%"/>
							</conditions>
						</line>
						<line number="102" hits="14" branch="true" condition-coverage="50% (1/2)">
							<conditions>
								<condition number="0" type="jump" coverage="50%"/>
							</conditions>
						</line>
						<line number="103" hits="14" branch="false"/>
						<line number="105" hits="14" branch="false"/>
						<line number="107" hits="33" branch="false"/>
						<line number="114" hits="7" branch="true" condition-coverage="66% (4/6)">
							<conditions>
								<condition number="0" type="jump" coverage="50%"/>
								<condition number="1" type="jump" coverage="100%"/>
								<condition number="2" type="jump" coverage="50%"/>
							</conditions>
						</line>
						<line number="115" hits="3" branch="true" condition-coverage="50% (1/2)">
							<conditions>
								<condition number="0" type="jump" coverage="50%"/>
							</conditions>
						</line>
						<line number="116" hits="3" branch="false"/>
						<line number="118" hits="3" branch="false"/>
						<line number="120" hits="7" branch="false"/>
						<line number="127" hits="69" branch="false"/>
						<line number="128" hits="69" branch="false"/>
					</lines>
				</class>
				<class name="org.mybatis.spring.transaction.SpringManagedTransactionFactory" filename="org/mybatis/spring/transaction/SpringManagedTransactionFactory.java" line-rate="0.5" branch-rate="1.0" complexity="1.3333333333333333">
					<methods>
						<method name="&lt;init&gt;" signature="()V" line-rate="1.0" branch-rate="1.0" complexity="0">
							<lines>
								<line number="34" hits="69" branch="false"/>
							</lines>
						</method>
						<method name="newTransaction" signature="(Ljava/sql/Connection;)Lorg/apache/ibatis/transaction/Transaction;" line-rate="0.0" branch-rate="1.0" complexity="0">
							<lines>
								<line number="49" hits="0" branch="false"/>
							</lines>
						</method>
						<method name="newTransaction" signature="(Ljavax/sql/DataSource;Lorg/apache/ibatis/session/TransactionIsolationLevel;Z)Lorg/apache/ibatis/transaction/Transaction;" line-rate="1.0" branch-rate="1.0" complexity="0">
							<lines>
								<line number="41" hits="69" branch="false"/>
							</lines>
						</method>
						<method name="setProperties" signature="(Ljava/util/Properties;)V" line-rate="0.0" branch-rate="1.0" complexity="0">
							<lines>
								<line number="58" hits="0" branch="false"/>
							</lines>
						</method>
					</methods>
					<lines>
						<line number="34" hits="69" branch="false"/>
						<line number="41" hits="69" branch="false"/>
						<line number="49" hits="0" branch="false"/>
						<line number="58" hits="0" branch="false"/>
					</lines>
				</class>
			</classes>
		</package>
	</packages>
</coverage>
